<?xml version="1.0" encoding="UTF-8"?>
<!-- Generated by org.testng.reporters.JUnitXMLReporter -->
<testsuite ignored="8" hostname="ImransDell" failures="1" tests="2" name="AdminTest" time="58.842" errors="0" timestamp="2023-06-27T16:47:31 IST">
  <testcase classname="com.pickdropfleet.admin.test.Admintest" name="adminLogin" time="17.481">
    <failure type="org.openqa.selenium.TimeoutException" message="Expected condition failed: waiting for visibility of element located by By.className: swal2-html-container (tried for 10 second(s) with 500 milliseconds interval)
Build info: version: &amp;apos;4.8.1&amp;apos;, revision: &amp;apos;8ebccac989&amp;apos;
System info: os.name: &amp;apos;Windows 10&amp;apos;, os.arch: &amp;apos;amd64&amp;apos;, os.version: &amp;apos;10.0&amp;apos;, java.version: &amp;apos;16.0.2&amp;apos;
Driver info: org.openqa.selenium.chrome.ChromeDriver
Capabilities {acceptInsecureCerts: false, browserName: chrome, browserVersion: 114.0.5735.134, chrome: {chromedriverVersion: 114.0.5735.90 (386bc09e8f4f..., userDataDir: C:\Users\DELL\AppData\Local...}, goog:chromeOptions: {debuggerAddress: localhost:56670}, networkConnectionEnabled: false, pageLoadStrategy: normal, platformName: WINDOWS, proxy: Proxy(), se:cdp: ws://localhost:56670/devtoo..., se:cdpVersion: 114.0.5735.134, setWindowRect: true, strictFileInteractability: false, timeouts: {implicit: 0, pageLoad: 300000, script: 30000}, unhandledPromptBehavior: dismiss and notify, webauthn:extension:credBlob: true, webauthn:extension:largeBlob: true, webauthn:extension:minPinLength: true, webauthn:extension:prf: true, webauthn:virtualAuthenticators: true}
Session ID: 1ad3fa9af449f14cc2e3ed28fd04db3a">
      <![CDATA[org.openqa.selenium.TimeoutException: Expected condition failed: waiting for visibility of element located by By.className: swal2-html-container (tried for 10 second(s) with 500 milliseconds interval)
Build info: version: '4.8.1', revision: '8ebccac989'
System info: os.name: 'Windows 10', os.arch: 'amd64', os.version: '10.0', java.version: '16.0.2'
Driver info: org.openqa.selenium.chrome.ChromeDriver
Capabilities {acceptInsecureCerts: false, browserName: chrome, browserVersion: 114.0.5735.134, chrome: {chromedriverVersion: 114.0.5735.90 (386bc09e8f4f..., userDataDir: C:\Users\DELL\AppData\Local...}, goog:chromeOptions: {debuggerAddress: localhost:56670}, networkConnectionEnabled: false, pageLoadStrategy: normal, platformName: WINDOWS, proxy: Proxy(), se:cdp: ws://localhost:56670/devtoo..., se:cdpVersion: 114.0.5735.134, setWindowRect: true, strictFileInteractability: false, timeouts: {implicit: 0, pageLoad: 300000, script: 30000}, unhandledPromptBehavior: dismiss and notify, webauthn:extension:credBlob: true, webauthn:extension:largeBlob: true, webauthn:extension:minPinLength: true, webauthn:extension:prf: true, webauthn:virtualAuthenticators: true}
Session ID: 1ad3fa9af449f14cc2e3ed28fd04db3a
at org.openqa.selenium.support.ui.WebDriverWait.timeoutException(WebDriverWait.java:87)
at org.openqa.selenium.support.ui.FluentWait.until(FluentWait.java:231)
at com.pickdropfleet.utils.Utils.findElementByXPath(Utils.java:298)
at com.pickdropfleet.adminpages.Loginpage.isErrorMessageDisplayed(Loginpage.java:70)
at com.pickdropfleet.admin.test.Admintest.adminLogin(Admintest.java:137)
at java.base/java.util.ArrayList.forEach(ArrayList.java:1511)
... Removed 27 stack frames]]>
    </failure>
  </testcase> <!-- adminLogin -->
  <testcase classname="com.pickdropfleet.admin.test.Admintest" name="testImport" time="33.832"/>
  <testcase classname="com.pickdropfleet.admin.test.Admintest" name="testVehicleView" time="0.0">
    <ignored/>
  </testcase> <!-- testVehicleView -->
  <testcase classname="com.pickdropfleet.admin.test.Admintest" name="createKitchenByAdmin" time="0.0">
    <ignored/>
  </testcase> <!-- createKitchenByAdmin -->
  <testcase classname="com.pickdropfleet.admin.test.Admintest" name="testRouteView" time="0.0">
    <ignored/>
  </testcase> <!-- testRouteView -->
  <testcase classname="com.pickdropfleet.admin.test.Admintest" name="testViewUser" time="0.0">
    <ignored/>
  </testcase> <!-- testViewUser -->
  <testcase classname="com.pickdropfleet.admin.test.Admintest" name="createUserByAdmin" time="0.0">
    <ignored/>
  </testcase> <!-- createUserByAdmin -->
  <testcase classname="com.pickdropfleet.admin.test.Admintest" name="testSchoolView" time="0.0">
    <ignored/>
  </testcase> <!-- testSchoolView -->
  <testcase classname="com.pickdropfleet.admin.test.Admintest" name="adminLogout" time="0.0">
    <ignored/>
  </testcase> <!-- adminLogout -->
  <testcase classname="com.pickdropfleet.admin.test.Admintest" name="testMenuView" time="0.0">
    <ignored/>
  </testcase> <!-- testMenuView -->
</testsuite> <!-- AdminTest -->
