<!doctype html>
<html lang="">
<head>
    <meta charset="UTF-8">
    <meta name="viewport"
          content="width=device-width, user-scalable=no, initial-scale=1.0, maximum-scale=1.0, minimum-scale=1.0">
    <meta http-equiv="X-UA-Compatible" content="ie=edge">
    <title>Test Results Report - AdminTest</title>

    <link href="reportng.css" rel="stylesheet" type="text/css"/>
</head>
<body>
<div id="meta">
Generated by <a href="http://www.testng.org" target="_blank">TestNG</a> with <a href="https://github.com/testng-team/reportng" target="_blank">ReportNG</a>
at 18:21 IST on Thursday 22 June 2023
    <br/><span
    id="systemInfo">DELL@ImransDell&nbsp;/&nbsp;Java 16.0.2 (Oracle Corporation)&nbsp;/&nbsp;Windows 10 10.0 (amd64)</span>
</div>
<h1>AdminTest</h1>

<p>
    <a href="index.html">Suites</a>
        &#183; <a href="output.html">Log Output</a>
</p>

<p>Test duration
    : 7.194s</p>


    <table class="resultsTable">
        <tr>
            <th colspan="3" class="header failed">Failed Tests</th>
        </tr>
            <tr>
                <td class="group" colspan="3">com.pickdropfleet.admin.test.Admintest</td>
            </tr>
    <tr>
        <td class="method">
                adminLogin
        </td>
        <td class="duration">
            0.455s
        </td>
        <td class="result">
            <!-- Display the dependencies for skipped test methods -->


            <!-- Show logger output for the test -->

                <a href="javascript:toggleElement('exception-0', 'block')"
                   title="Click to expand/collapse">
                    <b>java.lang.NoClassDefFoundError: org/apache/poi/util/POILogFactory</b>
                </a>
                <br/>
                <div class="stackTrace" id="exception-0">
                        org.apache.poi.POIXMLDocumentPart.&lt;clinit&gt;(POIXMLDocumentPart.java:55)<br/>
                        com.pickdropfleet.admin.test.Admintest.adminLogin(Admintest.java:121)<br/>
                        java.base/jdk.internal.reflect.NativeMethodAccessorImpl.invoke0(Native Method)<br/>
                        java.base/jdk.internal.reflect.NativeMethodAccessorImpl.invoke(NativeMethodAccessorImpl.java:78)<br/>
                        java.base/jdk.internal.reflect.DelegatingMethodAccessorImpl.invoke(DelegatingMethodAccessorImpl.java:43)<br/>
                        java.base/java.lang.reflect.Method.invoke(Method.java:567)<br/>
                        org.testng.internal.invokers.MethodInvocationHelper.invokeMethod(MethodInvocationHelper.java:139)<br/>
                        org.testng.internal.invokers.TestInvoker.invokeMethod(TestInvoker.java:677)<br/>
                        org.testng.internal.invokers.TestInvoker.invokeTestMethod(TestInvoker.java:221)<br/>
                        org.testng.internal.invokers.MethodRunner.runInSequence(MethodRunner.java:50)<br/>
                        org.testng.internal.invokers.TestInvoker$MethodInvocationAgent.invoke(TestInvoker.java:969)<br/>
                        org.testng.internal.invokers.TestInvoker.invokeTestMethods(TestInvoker.java:194)<br/>
                        org.testng.internal.invokers.TestMethodWorker.invokeTestMethods(TestMethodWorker.java:148)<br/>
                        org.testng.internal.invokers.TestMethodWorker.run(TestMethodWorker.java:128)<br/>
                        java.base/java.util.ArrayList.forEach(ArrayList.java:1511)<br/>
                        org.testng.TestRunner.privateRun(TestRunner.java:829)<br/>
                        org.testng.TestRunner.run(TestRunner.java:602)<br/>
                        org.testng.SuiteRunner.runTest(SuiteRunner.java:437)<br/>
                        org.testng.SuiteRunner.runSequentially(SuiteRunner.java:431)<br/>
                        org.testng.SuiteRunner.privateRun(SuiteRunner.java:391)<br/>
                        org.testng.SuiteRunner.run(SuiteRunner.java:330)<br/>
                        org.testng.SuiteRunnerWorker.runSuite(SuiteRunnerWorker.java:52)<br/>
                        org.testng.SuiteRunnerWorker.run(SuiteRunnerWorker.java:95)<br/>
                        org.testng.TestNG.runSuitesSequentially(TestNG.java:1256)<br/>
                        org.testng.TestNG.runSuitesLocally(TestNG.java:1176)<br/>
                        org.testng.TestNG.runSuites(TestNG.java:1099)<br/>
                        org.testng.TestNG.run(TestNG.java:1067)<br/>
                        org.testng.remote.AbstractRemoteTestNG.run(AbstractRemoteTestNG.java:115)<br/>
                        org.testng.remote.RemoteTestNG.initAndRun(RemoteTestNG.java:251)<br/>
                        org.testng.remote.RemoteTestNG.main(RemoteTestNG.java:77)<br/>
                        <b>Caused by: </b>
                        <a href="javascript:toggleElement('exception-1', 'block')"
                           title="Click to expand/collapse">
                            java.lang.ClassNotFoundException: org.apache.poi.util.POILogFactory
                        </a>
                        <br/>
                        <div class="stackTrace" id="exception-1">
                                java.base/jdk.internal.loader.BuiltinClassLoader.loadClass(BuiltinClassLoader.java:636)<br/>
                                java.base/jdk.internal.loader.ClassLoaders$AppClassLoader.loadClass(ClassLoaders.java:182)<br/>
                                java.base/java.lang.ClassLoader.loadClass(ClassLoader.java:519)<br/>
                                org.apache.poi.POIXMLDocumentPart.&lt;clinit&gt;(POIXMLDocumentPart.java:55)<br/>
                                com.pickdropfleet.admin.test.Admintest.adminLogin(Admintest.java:121)<br/>
                                java.base/jdk.internal.reflect.NativeMethodAccessorImpl.invoke0(Native Method)<br/>
                                java.base/jdk.internal.reflect.NativeMethodAccessorImpl.invoke(NativeMethodAccessorImpl.java:78)<br/>
                                java.base/jdk.internal.reflect.DelegatingMethodAccessorImpl.invoke(DelegatingMethodAccessorImpl.java:43)<br/>
                                java.base/java.lang.reflect.Method.invoke(Method.java:567)<br/>
                                org.testng.internal.invokers.MethodInvocationHelper.invokeMethod(MethodInvocationHelper.java:139)<br/>
                                org.testng.internal.invokers.TestInvoker.invokeMethod(TestInvoker.java:677)<br/>
                                org.testng.internal.invokers.TestInvoker.invokeTestMethod(TestInvoker.java:221)<br/>
                                org.testng.internal.invokers.MethodRunner.runInSequence(MethodRunner.java:50)<br/>
                                org.testng.internal.invokers.TestInvoker$MethodInvocationAgent.invoke(TestInvoker.java:969)<br/>
                                org.testng.internal.invokers.TestInvoker.invokeTestMethods(TestInvoker.java:194)<br/>
                                org.testng.internal.invokers.TestMethodWorker.invokeTestMethods(TestMethodWorker.java:148)<br/>
                                org.testng.internal.invokers.TestMethodWorker.run(TestMethodWorker.java:128)<br/>
                                java.base/java.util.ArrayList.forEach(ArrayList.java:1511)<br/>
                                org.testng.TestRunner.privateRun(TestRunner.java:829)<br/>
                                org.testng.TestRunner.run(TestRunner.java:602)<br/>
                                org.testng.SuiteRunner.runTest(SuiteRunner.java:437)<br/>
                                org.testng.SuiteRunner.runSequentially(SuiteRunner.java:431)<br/>
                                org.testng.SuiteRunner.privateRun(SuiteRunner.java:391)<br/>
                                org.testng.SuiteRunner.run(SuiteRunner.java:330)<br/>
                                org.testng.SuiteRunnerWorker.runSuite(SuiteRunnerWorker.java:52)<br/>
                                org.testng.SuiteRunnerWorker.run(SuiteRunnerWorker.java:95)<br/>
                                org.testng.TestNG.runSuitesSequentially(TestNG.java:1256)<br/>
                                org.testng.TestNG.runSuitesLocally(TestNG.java:1176)<br/>
                                org.testng.TestNG.runSuites(TestNG.java:1099)<br/>
                                org.testng.TestNG.run(TestNG.java:1067)<br/>
                                org.testng.remote.AbstractRemoteTestNG.run(AbstractRemoteTestNG.java:115)<br/>
                                org.testng.remote.RemoteTestNG.initAndRun(RemoteTestNG.java:251)<br/>
                                org.testng.remote.RemoteTestNG.main(RemoteTestNG.java:77)<br/>
                        </div>
                </div>
        </td>
    </tr>
    <tr>
        <td class="method">
                adminLogout
        </td>
        <td class="duration">
            0.089s
        </td>
        <td class="result">
            <!-- Display the dependencies for skipped test methods -->


            <!-- Show logger output for the test -->

                <a href="javascript:toggleElement('exception-2', 'block')"
                   title="Click to expand/collapse">
                    <b>org.openqa.selenium.json.JsonException: java.lang.reflect.InvocationTargetException<br/>
Build info: version: &apos;4.8.1&apos;, revision: &apos;8ebccac989&apos;<br/>
System info: os.name: &apos;Windows 10&apos;, os.arch: &apos;amd64&apos;, os.version: &apos;10.0&apos;, java.version: &apos;16.0.2&apos;<br/>
Driver info: org.openqa.selenium.chrome.ChromeDriver<br/>
Command: [ae22db289a1b3aa54ecfd8c2cb556ee6, actions {actions=[org.openqa.selenium.interactions.Sequence@4e93dcb9]}]<br/>
Capabilities {acceptInsecureCerts: false, browserName: chrome, browserVersion: 114.0.5735.134, chrome: {chromedriverVersion: 114.0.5735.90 (386bc09e8f4f..., userDataDir: C:\Users\DELL\AppData\Local...}, goog:chromeOptions: {debuggerAddress: localhost:49576}, networkConnectionEnabled: false, pageLoadStrategy: normal, platformName: WINDOWS, proxy: Proxy(), se:cdp: ws://localhost:49576/devtoo..., se:cdpVersion: 114.0.5735.134, setWindowRect: true, strictFileInteractability: false, timeouts: {implicit: 0, pageLoad: 300000, script: 30000}, unhandledPromptBehavior: dismiss and notify, webauthn:extension:credBlob: true, webauthn:extension:largeBlob: true, webauthn:extension:minPinLength: true, webauthn:extension:prf: true, webauthn:virtualAuthenticators: true}<br/>
Session ID: ae22db289a1b3aa54ecfd8c2cb556ee6</b>
                </a>
                <br/>
                <div class="stackTrace" id="exception-2">
                        org.openqa.selenium.json.JsonOutput.convertUsingMethod(JsonOutput.java:362)<br/>
                        org.openqa.selenium.json.JsonOutput.lambda$new$16(JsonOutput.java:154)<br/>
                        org.openqa.selenium.json.JsonOutput.write(JsonOutput.java:287)<br/>
                        org.openqa.selenium.json.JsonOutput.lambda$new$22(JsonOutput.java:169)<br/>
                        java.base/java.util.stream.ForEachOps$ForEachOp$OfRef.accept(ForEachOps.java:183)<br/>
                        java.base/java.util.stream.ReferencePipeline$2$1.accept(ReferencePipeline.java:179)<br/>
                        java.base/java.util.Iterator.forEachRemaining(Iterator.java:133)<br/>
                        java.base/java.util.Spliterators$IteratorSpliterator.forEachRemaining(Spliterators.java:1801)<br/>
                        java.base/java.util.stream.AbstractPipeline.copyInto(AbstractPipeline.java:484)<br/>
                        java.base/java.util.stream.AbstractPipeline.wrapAndCopyInto(AbstractPipeline.java:474)<br/>
                        java.base/java.util.stream.ForEachOps$ForEachOp.evaluateSequential(ForEachOps.java:150)<br/>
                        java.base/java.util.stream.ForEachOps$ForEachOp$OfRef.evaluateSequential(ForEachOps.java:173)<br/>
                        java.base/java.util.stream.AbstractPipeline.evaluate(AbstractPipeline.java:234)<br/>
                        java.base/java.util.stream.ReferencePipeline.forEach(ReferencePipeline.java:596)<br/>
                        org.openqa.selenium.json.JsonOutput.lambda$new$23(JsonOutput.java:169)<br/>
                        org.openqa.selenium.json.JsonOutput.write(JsonOutput.java:287)<br/>
                        org.openqa.selenium.json.JsonOutput.lambda$new$24(JsonOutput.java:182)<br/>
                        com.google.common.collect.SingletonImmutableBiMap.forEach(SingletonImmutableBiMap.java:68)<br/>
                        org.openqa.selenium.json.JsonOutput.lambda$new$25(JsonOutput.java:177)<br/>
                        org.openqa.selenium.json.JsonOutput.write(JsonOutput.java:287)<br/>
                        org.openqa.selenium.json.JsonOutput.write(JsonOutput.java:278)<br/>
                        org.openqa.selenium.json.Json.toJson(Json.java:42)<br/>
                        org.openqa.selenium.remote.codec.AbstractHttpCommandCodec.encode(AbstractHttpCommandCodec.java:259)<br/>
                        org.openqa.selenium.remote.codec.AbstractHttpCommandCodec.encode(AbstractHttpCommandCodec.java:122)<br/>
                        org.openqa.selenium.remote.HttpCommandExecutor.execute(HttpCommandExecutor.java:172)<br/>
                        org.openqa.selenium.remote.service.DriverCommandExecutor.invokeExecute(DriverCommandExecutor.java:167)<br/>
                        org.openqa.selenium.remote.service.DriverCommandExecutor.execute(DriverCommandExecutor.java:142)<br/>
                        org.openqa.selenium.remote.RemoteWebDriver.execute(RemoteWebDriver.java:543)<br/>
                        org.openqa.selenium.remote.RemoteWebDriver.perform(RemoteWebDriver.java:611)<br/>
                        org.openqa.selenium.interactions.Actions$BuiltAction.perform(Actions.java:567)<br/>
                        com.pickdropfleet.adminpages.Logoutpage.clickUserInfo(Logoutpage.java:31)<br/>
                        com.pickdropfleet.admin.test.Admintest.adminLogout(Admintest.java:425)<br/>
                        java.base/jdk.internal.reflect.NativeMethodAccessorImpl.invoke0(Native Method)<br/>
                        java.base/jdk.internal.reflect.NativeMethodAccessorImpl.invoke(NativeMethodAccessorImpl.java:78)<br/>
                        java.base/jdk.internal.reflect.DelegatingMethodAccessorImpl.invoke(DelegatingMethodAccessorImpl.java:43)<br/>
                        java.base/java.lang.reflect.Method.invoke(Method.java:567)<br/>
                        org.testng.internal.invokers.MethodInvocationHelper.invokeMethod(MethodInvocationHelper.java:139)<br/>
                        org.testng.internal.invokers.TestInvoker.invokeMethod(TestInvoker.java:677)<br/>
                        org.testng.internal.invokers.TestInvoker.invokeTestMethod(TestInvoker.java:221)<br/>
                        org.testng.internal.invokers.MethodRunner.runInSequence(MethodRunner.java:50)<br/>
                        org.testng.internal.invokers.TestInvoker$MethodInvocationAgent.invoke(TestInvoker.java:969)<br/>
                        org.testng.internal.invokers.TestInvoker.invokeTestMethods(TestInvoker.java:194)<br/>
                        org.testng.internal.invokers.TestMethodWorker.invokeTestMethods(TestMethodWorker.java:148)<br/>
                        org.testng.internal.invokers.TestMethodWorker.run(TestMethodWorker.java:128)<br/>
                        java.base/java.util.ArrayList.forEach(ArrayList.java:1511)<br/>
                        org.testng.TestRunner.privateRun(TestRunner.java:829)<br/>
                        org.testng.TestRunner.run(TestRunner.java:602)<br/>
                        org.testng.SuiteRunner.runTest(SuiteRunner.java:437)<br/>
                        org.testng.SuiteRunner.runSequentially(SuiteRunner.java:431)<br/>
                        org.testng.SuiteRunner.privateRun(SuiteRunner.java:391)<br/>
                        org.testng.SuiteRunner.run(SuiteRunner.java:330)<br/>
                        org.testng.SuiteRunnerWorker.runSuite(SuiteRunnerWorker.java:52)<br/>
                        org.testng.SuiteRunnerWorker.run(SuiteRunnerWorker.java:95)<br/>
                        org.testng.TestNG.runSuitesSequentially(TestNG.java:1256)<br/>
                        org.testng.TestNG.runSuitesLocally(TestNG.java:1176)<br/>
                        org.testng.TestNG.runSuites(TestNG.java:1099)<br/>
                        org.testng.TestNG.run(TestNG.java:1067)<br/>
                        org.testng.remote.AbstractRemoteTestNG.run(AbstractRemoteTestNG.java:115)<br/>
                        org.testng.remote.RemoteTestNG.initAndRun(RemoteTestNG.java:251)<br/>
                        org.testng.remote.RemoteTestNG.main(RemoteTestNG.java:77)<br/>
                        <b>Caused by: </b>
                        <a href="javascript:toggleElement('exception-3', 'block')"
                           title="Click to expand/collapse">
                            java.lang.reflect.InvocationTargetException
                        </a>
                        <br/>
                        <div class="stackTrace" id="exception-3">
                                java.base/jdk.internal.reflect.NativeMethodAccessorImpl.invoke0(Native Method)<br/>
                                java.base/jdk.internal.reflect.NativeMethodAccessorImpl.invoke(NativeMethodAccessorImpl.java:78)<br/>
                                java.base/jdk.internal.reflect.DelegatingMethodAccessorImpl.invoke(DelegatingMethodAccessorImpl.java:43)<br/>
                                java.base/java.lang.reflect.Method.invoke(Method.java:567)<br/>
                                org.openqa.selenium.json.JsonOutput.convertUsingMethod(JsonOutput.java:358)<br/>
                                org.openqa.selenium.json.JsonOutput.lambda$new$16(JsonOutput.java:154)<br/>
                                org.openqa.selenium.json.JsonOutput.write(JsonOutput.java:287)<br/>
                                org.openqa.selenium.json.JsonOutput.lambda$new$22(JsonOutput.java:169)<br/>
                                java.base/java.util.stream.ForEachOps$ForEachOp$OfRef.accept(ForEachOps.java:183)<br/>
                                java.base/java.util.stream.ReferencePipeline$2$1.accept(ReferencePipeline.java:179)<br/>
                                java.base/java.util.Iterator.forEachRemaining(Iterator.java:133)<br/>
                                java.base/java.util.Spliterators$IteratorSpliterator.forEachRemaining(Spliterators.java:1801)<br/>
                                java.base/java.util.stream.AbstractPipeline.copyInto(AbstractPipeline.java:484)<br/>
                                java.base/java.util.stream.AbstractPipeline.wrapAndCopyInto(AbstractPipeline.java:474)<br/>
                                java.base/java.util.stream.ForEachOps$ForEachOp.evaluateSequential(ForEachOps.java:150)<br/>
                                java.base/java.util.stream.ForEachOps$ForEachOp$OfRef.evaluateSequential(ForEachOps.java:173)<br/>
                                java.base/java.util.stream.AbstractPipeline.evaluate(AbstractPipeline.java:234)<br/>
                                java.base/java.util.stream.ReferencePipeline.forEach(ReferencePipeline.java:596)<br/>
                                org.openqa.selenium.json.JsonOutput.lambda$new$23(JsonOutput.java:169)<br/>
                                org.openqa.selenium.json.JsonOutput.write(JsonOutput.java:287)<br/>
                                org.openqa.selenium.json.JsonOutput.lambda$new$24(JsonOutput.java:182)<br/>
                                com.google.common.collect.SingletonImmutableBiMap.forEach(SingletonImmutableBiMap.java:68)<br/>
                                org.openqa.selenium.json.JsonOutput.lambda$new$25(JsonOutput.java:177)<br/>
                                org.openqa.selenium.json.JsonOutput.write(JsonOutput.java:287)<br/>
                                org.openqa.selenium.json.JsonOutput.write(JsonOutput.java:278)<br/>
                                org.openqa.selenium.json.Json.toJson(Json.java:42)<br/>
                                org.openqa.selenium.remote.codec.AbstractHttpCommandCodec.encode(AbstractHttpCommandCodec.java:259)<br/>
                                org.openqa.selenium.remote.codec.AbstractHttpCommandCodec.encode(AbstractHttpCommandCodec.java:122)<br/>
                                org.openqa.selenium.remote.HttpCommandExecutor.execute(HttpCommandExecutor.java:172)<br/>
                                org.openqa.selenium.remote.service.DriverCommandExecutor.invokeExecute(DriverCommandExecutor.java:167)<br/>
                                org.openqa.selenium.remote.service.DriverCommandExecutor.execute(DriverCommandExecutor.java:142)<br/>
                                org.openqa.selenium.remote.RemoteWebDriver.execute(RemoteWebDriver.java:543)<br/>
                                org.openqa.selenium.remote.RemoteWebDriver.perform(RemoteWebDriver.java:611)<br/>
                                org.openqa.selenium.interactions.Actions$BuiltAction.perform(Actions.java:567)<br/>
                                com.pickdropfleet.adminpages.Logoutpage.clickUserInfo(Logoutpage.java:31)<br/>
                                com.pickdropfleet.admin.test.Admintest.adminLogout(Admintest.java:425)<br/>
                                java.base/jdk.internal.reflect.NativeMethodAccessorImpl.invoke0(Native Method)<br/>
                                java.base/jdk.internal.reflect.NativeMethodAccessorImpl.invoke(NativeMethodAccessorImpl.java:78)<br/>
                                java.base/jdk.internal.reflect.DelegatingMethodAccessorImpl.invoke(DelegatingMethodAccessorImpl.java:43)<br/>
                                java.base/java.lang.reflect.Method.invoke(Method.java:567)<br/>
                                org.testng.internal.invokers.MethodInvocationHelper.invokeMethod(MethodInvocationHelper.java:139)<br/>
                                org.testng.internal.invokers.TestInvoker.invokeMethod(TestInvoker.java:677)<br/>
                                org.testng.internal.invokers.TestInvoker.invokeTestMethod(TestInvoker.java:221)<br/>
                                org.testng.internal.invokers.MethodRunner.runInSequence(MethodRunner.java:50)<br/>
                                org.testng.internal.invokers.TestInvoker$MethodInvocationAgent.invoke(TestInvoker.java:969)<br/>
                                org.testng.internal.invokers.TestInvoker.invokeTestMethods(TestInvoker.java:194)<br/>
                                org.testng.internal.invokers.TestMethodWorker.invokeTestMethods(TestMethodWorker.java:148)<br/>
                                org.testng.internal.invokers.TestMethodWorker.run(TestMethodWorker.java:128)<br/>
                                java.base/java.util.ArrayList.forEach(ArrayList.java:1511)<br/>
                                org.testng.TestRunner.privateRun(TestRunner.java:829)<br/>
                                org.testng.TestRunner.run(TestRunner.java:602)<br/>
                                org.testng.SuiteRunner.runTest(SuiteRunner.java:437)<br/>
                                org.testng.SuiteRunner.runSequentially(SuiteRunner.java:431)<br/>
                                org.testng.SuiteRunner.privateRun(SuiteRunner.java:391)<br/>
                                org.testng.SuiteRunner.run(SuiteRunner.java:330)<br/>
                                org.testng.SuiteRunnerWorker.runSuite(SuiteRunnerWorker.java:52)<br/>
                                org.testng.SuiteRunnerWorker.run(SuiteRunnerWorker.java:95)<br/>
                                org.testng.TestNG.runSuitesSequentially(TestNG.java:1256)<br/>
                                org.testng.TestNG.runSuitesLocally(TestNG.java:1176)<br/>
                                org.testng.TestNG.runSuites(TestNG.java:1099)<br/>
                                org.testng.TestNG.run(TestNG.java:1067)<br/>
                                org.testng.remote.AbstractRemoteTestNG.run(AbstractRemoteTestNG.java:115)<br/>
                                org.testng.remote.RemoteTestNG.initAndRun(RemoteTestNG.java:251)<br/>
                                org.testng.remote.RemoteTestNG.main(RemoteTestNG.java:77)<br/>
                        </div>
                        <b>Caused by: </b>
                        <a href="javascript:toggleElement('exception-4', 'block')"
                           title="Click to expand/collapse">
                            org.openqa.selenium.NoSuchElementException: no such element: Unable to locate element: {&quot;method&quot;:&quot;xpath&quot;,&quot;selector&quot;:&quot;//span[@class=&apos;anticon anticon-user&apos;]//*[name()=&apos;svg&apos;]&quot;}<br/>
&nbsp; (Session info: chrome=114.0.5735.134)<br/>
For documentation on this error, please visit: https://selenium.dev/exceptions/#no_such_element<br/>
Build info: version: &apos;4.8.1&apos;, revision: &apos;8ebccac989&apos;<br/>
System info: os.name: &apos;Windows 10&apos;, os.arch: &apos;amd64&apos;, os.version: &apos;10.0&apos;, java.version: &apos;16.0.2&apos;<br/>
Driver info: org.openqa.selenium.chrome.ChromeDriver<br/>
Command: [ae22db289a1b3aa54ecfd8c2cb556ee6, findElement {using=xpath, value=//span[@class=&apos;anticon anticon-user&apos;]//*[name()=&apos;svg&apos;]}]<br/>
Capabilities {acceptInsecureCerts: false, browserName: chrome, browserVersion: 114.0.5735.134, chrome: {chromedriverVersion: 114.0.5735.90 (386bc09e8f4f..., userDataDir: C:\Users\DELL\AppData\Local...}, goog:chromeOptions: {debuggerAddress: localhost:49576}, networkConnectionEnabled: false, pageLoadStrategy: normal, platformName: WINDOWS, proxy: Proxy(), se:cdp: ws://localhost:49576/devtoo..., se:cdpVersion: 114.0.5735.134, setWindowRect: true, strictFileInteractability: false, timeouts: {implicit: 0, pageLoad: 300000, script: 30000}, unhandledPromptBehavior: dismiss and notify, webauthn:extension:credBlob: true, webauthn:extension:largeBlob: true, webauthn:extension:minPinLength: true, webauthn:extension:prf: true, webauthn:virtualAuthenticators: true}<br/>
Session ID: ae22db289a1b3aa54ecfd8c2cb556ee6
                        </a>
                        <br/>
                        <div class="stackTrace" id="exception-4">
                                java.base/jdk.internal.reflect.NativeConstructorAccessorImpl.newInstance0(Native Method)<br/>
                                java.base/jdk.internal.reflect.NativeConstructorAccessorImpl.newInstance(NativeConstructorAccessorImpl.java:78)<br/>
                                java.base/jdk.internal.reflect.DelegatingConstructorAccessorImpl.newInstance(DelegatingConstructorAccessorImpl.java:45)<br/>
                                java.base/java.lang.reflect.Constructor.newInstanceWithCaller(Constructor.java:499)<br/>
                                java.base/java.lang.reflect.Constructor.newInstance(Constructor.java:480)<br/>
                                org.openqa.selenium.remote.codec.w3c.W3CHttpResponseCodec.createException(W3CHttpResponseCodec.java:200)<br/>
                                org.openqa.selenium.remote.codec.w3c.W3CHttpResponseCodec.decode(W3CHttpResponseCodec.java:133)<br/>
                                org.openqa.selenium.remote.codec.w3c.W3CHttpResponseCodec.decode(W3CHttpResponseCodec.java:53)<br/>
                                org.openqa.selenium.remote.HttpCommandExecutor.execute(HttpCommandExecutor.java:184)<br/>
                                org.openqa.selenium.remote.service.DriverCommandExecutor.invokeExecute(DriverCommandExecutor.java:167)<br/>
                                org.openqa.selenium.remote.service.DriverCommandExecutor.execute(DriverCommandExecutor.java:142)<br/>
                                org.openqa.selenium.remote.RemoteWebDriver.execute(RemoteWebDriver.java:543)<br/>
                                org.openqa.selenium.remote.ElementLocation$ElementFinder$2.findElement(ElementLocation.java:162)<br/>
                                org.openqa.selenium.remote.ElementLocation.findElement(ElementLocation.java:60)<br/>
                                org.openqa.selenium.remote.RemoteWebDriver.findElement(RemoteWebDriver.java:352)<br/>
                                org.openqa.selenium.remote.RemoteWebDriver.findElement(RemoteWebDriver.java:344)<br/>
                                org.openqa.selenium.support.pagefactory.DefaultElementLocator.findElement(DefaultElementLocator.java:70)<br/>
                                org.openqa.selenium.support.pagefactory.internal.LocatingElementHandler.invoke(LocatingElementHandler.java:39)<br/>
                                jdk.proxy2/jdk.proxy2.$Proxy15.getWrappedElement(Unknown Source)<br/>
                                org.openqa.selenium.interactions.PointerInput$Origin.asArg(PointerInput.java:269)<br/>
                                org.openqa.selenium.interactions.PointerInput$Move.encode(PointerInput.java:218)<br/>
                                org.openqa.selenium.interactions.Sequence.encode(Sequence.java:73)<br/>
                                org.openqa.selenium.interactions.Sequence.toJson(Sequence.java:82)<br/>
                                java.base/jdk.internal.reflect.NativeMethodAccessorImpl.invoke0(Native Method)<br/>
                                java.base/jdk.internal.reflect.NativeMethodAccessorImpl.invoke(NativeMethodAccessorImpl.java:78)<br/>
                                java.base/jdk.internal.reflect.DelegatingMethodAccessorImpl.invoke(DelegatingMethodAccessorImpl.java:43)<br/>
                                java.base/java.lang.reflect.Method.invoke(Method.java:567)<br/>
                                org.openqa.selenium.json.JsonOutput.convertUsingMethod(JsonOutput.java:358)<br/>
                                org.openqa.selenium.json.JsonOutput.lambda$new$16(JsonOutput.java:154)<br/>
                                org.openqa.selenium.json.JsonOutput.write(JsonOutput.java:287)<br/>
                                org.openqa.selenium.json.JsonOutput.lambda$new$22(JsonOutput.java:169)<br/>
                                java.base/java.util.stream.ForEachOps$ForEachOp$OfRef.accept(ForEachOps.java:183)<br/>
                                java.base/java.util.stream.ReferencePipeline$2$1.accept(ReferencePipeline.java:179)<br/>
                                java.base/java.util.Iterator.forEachRemaining(Iterator.java:133)<br/>
                                java.base/java.util.Spliterators$IteratorSpliterator.forEachRemaining(Spliterators.java:1801)<br/>
                                java.base/java.util.stream.AbstractPipeline.copyInto(AbstractPipeline.java:484)<br/>
                                java.base/java.util.stream.AbstractPipeline.wrapAndCopyInto(AbstractPipeline.java:474)<br/>
                                java.base/java.util.stream.ForEachOps$ForEachOp.evaluateSequential(ForEachOps.java:150)<br/>
                                java.base/java.util.stream.ForEachOps$ForEachOp$OfRef.evaluateSequential(ForEachOps.java:173)<br/>
                                java.base/java.util.stream.AbstractPipeline.evaluate(AbstractPipeline.java:234)<br/>
                                java.base/java.util.stream.ReferencePipeline.forEach(ReferencePipeline.java:596)<br/>
                                org.openqa.selenium.json.JsonOutput.lambda$new$23(JsonOutput.java:169)<br/>
                                org.openqa.selenium.json.JsonOutput.write(JsonOutput.java:287)<br/>
                                org.openqa.selenium.json.JsonOutput.lambda$new$24(JsonOutput.java:182)<br/>
                                com.google.common.collect.SingletonImmutableBiMap.forEach(SingletonImmutableBiMap.java:68)<br/>
                                org.openqa.selenium.json.JsonOutput.lambda$new$25(JsonOutput.java:177)<br/>
                                org.openqa.selenium.json.JsonOutput.write(JsonOutput.java:287)<br/>
                                org.openqa.selenium.json.JsonOutput.write(JsonOutput.java:278)<br/>
                                org.openqa.selenium.json.Json.toJson(Json.java:42)<br/>
                                org.openqa.selenium.remote.codec.AbstractHttpCommandCodec.encode(AbstractHttpCommandCodec.java:259)<br/>
                                org.openqa.selenium.remote.codec.AbstractHttpCommandCodec.encode(AbstractHttpCommandCodec.java:122)<br/>
                                org.openqa.selenium.remote.HttpCommandExecutor.execute(HttpCommandExecutor.java:172)<br/>
                                org.openqa.selenium.remote.service.DriverCommandExecutor.invokeExecute(DriverCommandExecutor.java:167)<br/>
                                org.openqa.selenium.remote.service.DriverCommandExecutor.execute(DriverCommandExecutor.java:142)<br/>
                                org.openqa.selenium.remote.RemoteWebDriver.execute(RemoteWebDriver.java:543)<br/>
                                org.openqa.selenium.remote.RemoteWebDriver.perform(RemoteWebDriver.java:611)<br/>
                                org.openqa.selenium.interactions.Actions$BuiltAction.perform(Actions.java:567)<br/>
                                com.pickdropfleet.adminpages.Logoutpage.clickUserInfo(Logoutpage.java:31)<br/>
                                com.pickdropfleet.admin.test.Admintest.adminLogout(Admintest.java:425)<br/>
                                java.base/jdk.internal.reflect.NativeMethodAccessorImpl.invoke0(Native Method)<br/>
                                java.base/jdk.internal.reflect.NativeMethodAccessorImpl.invoke(NativeMethodAccessorImpl.java:78)<br/>
                                java.base/jdk.internal.reflect.DelegatingMethodAccessorImpl.invoke(DelegatingMethodAccessorImpl.java:43)<br/>
                                java.base/java.lang.reflect.Method.invoke(Method.java:567)<br/>
                                org.testng.internal.invokers.MethodInvocationHelper.invokeMethod(MethodInvocationHelper.java:139)<br/>
                                org.testng.internal.invokers.TestInvoker.invokeMethod(TestInvoker.java:677)<br/>
                                org.testng.internal.invokers.TestInvoker.invokeTestMethod(TestInvoker.java:221)<br/>
                                org.testng.internal.invokers.MethodRunner.runInSequence(MethodRunner.java:50)<br/>
                                org.testng.internal.invokers.TestInvoker$MethodInvocationAgent.invoke(TestInvoker.java:969)<br/>
                                org.testng.internal.invokers.TestInvoker.invokeTestMethods(TestInvoker.java:194)<br/>
                                org.testng.internal.invokers.TestMethodWorker.invokeTestMethods(TestMethodWorker.java:148)<br/>
                                org.testng.internal.invokers.TestMethodWorker.run(TestMethodWorker.java:128)<br/>
                                java.base/java.util.ArrayList.forEach(ArrayList.java:1511)<br/>
                                org.testng.TestRunner.privateRun(TestRunner.java:829)<br/>
                                org.testng.TestRunner.run(TestRunner.java:602)<br/>
                                org.testng.SuiteRunner.runTest(SuiteRunner.java:437)<br/>
                                org.testng.SuiteRunner.runSequentially(SuiteRunner.java:431)<br/>
                                org.testng.SuiteRunner.privateRun(SuiteRunner.java:391)<br/>
                                org.testng.SuiteRunner.run(SuiteRunner.java:330)<br/>
                                org.testng.SuiteRunnerWorker.runSuite(SuiteRunnerWorker.java:52)<br/>
                                org.testng.SuiteRunnerWorker.run(SuiteRunnerWorker.java:95)<br/>
                                org.testng.TestNG.runSuitesSequentially(TestNG.java:1256)<br/>
                                org.testng.TestNG.runSuitesLocally(TestNG.java:1176)<br/>
                                org.testng.TestNG.runSuites(TestNG.java:1099)<br/>
                                org.testng.TestNG.run(TestNG.java:1067)<br/>
                                org.testng.remote.AbstractRemoteTestNG.run(AbstractRemoteTestNG.java:115)<br/>
                                org.testng.remote.RemoteTestNG.initAndRun(RemoteTestNG.java:251)<br/>
                                org.testng.remote.RemoteTestNG.main(RemoteTestNG.java:77)<br/>
                        </div>
                </div>
        </td>
    </tr>
    <tr>
        <td class="method">
                createUserByAdmin
        </td>
        <td class="duration">
            0.020s
        </td>
        <td class="result">
            <!-- Display the dependencies for skipped test methods -->


            <!-- Show logger output for the test -->

                <a href="javascript:toggleElement('exception-5', 'block')"
                   title="Click to expand/collapse">
                    <b>java.lang.NoClassDefFoundError: Could not initialize class org.apache.poi.xssf.usermodel.XSSFWorkbook</b>
                </a>
                <br/>
                <div class="stackTrace" id="exception-5">
                        com.pickdropfleet.admin.test.Admintest.createUserByAdmin(Admintest.java:255)<br/>
                        java.base/jdk.internal.reflect.NativeMethodAccessorImpl.invoke0(Native Method)<br/>
                        java.base/jdk.internal.reflect.NativeMethodAccessorImpl.invoke(NativeMethodAccessorImpl.java:78)<br/>
                        java.base/jdk.internal.reflect.DelegatingMethodAccessorImpl.invoke(DelegatingMethodAccessorImpl.java:43)<br/>
                        java.base/java.lang.reflect.Method.invoke(Method.java:567)<br/>
                        org.testng.internal.invokers.MethodInvocationHelper.invokeMethod(MethodInvocationHelper.java:139)<br/>
                        org.testng.internal.invokers.TestInvoker.invokeMethod(TestInvoker.java:677)<br/>
                        org.testng.internal.invokers.TestInvoker.invokeTestMethod(TestInvoker.java:221)<br/>
                        org.testng.internal.invokers.MethodRunner.runInSequence(MethodRunner.java:50)<br/>
                        org.testng.internal.invokers.TestInvoker$MethodInvocationAgent.invoke(TestInvoker.java:969)<br/>
                        org.testng.internal.invokers.TestInvoker.invokeTestMethods(TestInvoker.java:194)<br/>
                        org.testng.internal.invokers.TestMethodWorker.invokeTestMethods(TestMethodWorker.java:148)<br/>
                        org.testng.internal.invokers.TestMethodWorker.run(TestMethodWorker.java:128)<br/>
                        java.base/java.util.ArrayList.forEach(ArrayList.java:1511)<br/>
                        org.testng.TestRunner.privateRun(TestRunner.java:829)<br/>
                        org.testng.TestRunner.run(TestRunner.java:602)<br/>
                        org.testng.SuiteRunner.runTest(SuiteRunner.java:437)<br/>
                        org.testng.SuiteRunner.runSequentially(SuiteRunner.java:431)<br/>
                        org.testng.SuiteRunner.privateRun(SuiteRunner.java:391)<br/>
                        org.testng.SuiteRunner.run(SuiteRunner.java:330)<br/>
                        org.testng.SuiteRunnerWorker.runSuite(SuiteRunnerWorker.java:52)<br/>
                        org.testng.SuiteRunnerWorker.run(SuiteRunnerWorker.java:95)<br/>
                        org.testng.TestNG.runSuitesSequentially(TestNG.java:1256)<br/>
                        org.testng.TestNG.runSuitesLocally(TestNG.java:1176)<br/>
                        org.testng.TestNG.runSuites(TestNG.java:1099)<br/>
                        org.testng.TestNG.run(TestNG.java:1067)<br/>
                        org.testng.remote.AbstractRemoteTestNG.run(AbstractRemoteTestNG.java:115)<br/>
                        org.testng.remote.RemoteTestNG.initAndRun(RemoteTestNG.java:251)<br/>
                        org.testng.remote.RemoteTestNG.main(RemoteTestNG.java:77)<br/>
                </div>
        </td>
    </tr>
    </table>



<script type="text/javascript" src="reportng.js"></script>
</body>
