<?xml version="1.0" encoding="UTF-8"?>
<!-- Generated by org.testng.reporters.JUnitXMLReporter -->
<testsuite ignored="1" hostname="ImransDell" failures="1" tests="14" name="KitchdenAdminTest" time="179.291" errors="0" timestamp="2023-06-19T21:42:44 IST">
  <testcase classname="com.pickdropfleet.admin.test.Kitchenadmintest" name="kitchenAdminLogin" time="4.448"/>
  <testcase classname="com.pickdropfleet.admin.test.Kitchenadmintest" name="addSchoolTest" time="20.612"/>
  <testcase classname="com.pickdropfleet.admin.test.Kitchenadmintest" name="addRiderAtUser" time="17.139"/>
  <testcase classname="com.pickdropfleet.admin.test.Kitchenadmintest" name="addSchoolAdminAtUser" time="19.063"/>
  <testcase classname="com.pickdropfleet.admin.test.Kitchenadmintest" name="addDistributionManagerAtUser" time="14.599"/>
  <testcase classname="com.pickdropfleet.admin.test.Kitchenadmintest" name="addRouteAdminAtUser" time="11.026"/>
  <testcase classname="com.pickdropfleet.admin.test.Kitchenadmintest" name="addSchoolRelationshipManagerAtUser" time="14.545"/>
  <testcase classname="com.pickdropfleet.admin.test.Kitchenadmintest" name="addFuelSupervisorAtUser" time="11.373"/>
  <testcase classname="com.pickdropfleet.admin.test.Kitchenadmintest" name="addVehicleTest" time="11.767"/>
  <testcase classname="com.pickdropfleet.admin.test.Kitchenadmintest" name="testFoodMenu" time="10.134"/>
  <testcase classname="com.pickdropfleet.admin.test.Kitchenadmintest" name="testAddRoute" time="7.231"/>
  <testcase classname="com.pickdropfleet.admin.test.Kitchenadmintest" name="testDailyRequest" time="15.094"/>
  <testcase classname="com.pickdropfleet.admin.test.Kitchenadmintest" name="testAddVehicleExpense" time="1.275"/>
  <testcase classname="com.pickdropfleet.admin.test.Kitchenadmintest" name="kitchenAdminLogout" time="11.311">
    <failure type="org.openqa.selenium.NoSuchElementException" message="no such element: Unable to locate element: {&amp;quot;method&amp;quot;:&amp;quot;xpath&amp;quot;,&amp;quot;selector&amp;quot;:&amp;quot;//span[text() = &amp;apos;Logout&amp;apos;]&amp;quot;}
  (Session info: chrome=114.0.5735.134)
For documentation on this error, please visit: https://selenium.dev/exceptions/#no_such_element
Build info: version: &amp;apos;4.8.1&amp;apos;, revision: &amp;apos;8ebccac989&amp;apos;
System info: os.name: &amp;apos;Windows 10&amp;apos;, os.arch: &amp;apos;amd64&amp;apos;, os.version: &amp;apos;10.0&amp;apos;, java.version: &amp;apos;16.0.2&amp;apos;
Driver info: org.openqa.selenium.chrome.ChromeDriver
Command: [923906d553f04f09093b99148fd52c03, findElement {using=xpath, value=//span[text() = &amp;apos;Logout&amp;apos;]}]
Capabilities {acceptInsecureCerts: false, browserName: chrome, browserVersion: 114.0.5735.134, chrome: {chromedriverVersion: 114.0.5735.90 (386bc09e8f4f..., userDataDir: C:\Users\DELL\AppData\Local...}, goog:chromeOptions: {debuggerAddress: localhost:65221}, networkConnectionEnabled: false, pageLoadStrategy: normal, platformName: WINDOWS, proxy: Proxy(), se:cdp: ws://localhost:65221/devtoo..., se:cdpVersion: 114.0.5735.134, setWindowRect: true, strictFileInteractability: false, timeouts: {implicit: 0, pageLoad: 300000, script: 30000}, unhandledPromptBehavior: dismiss and notify, webauthn:extension:credBlob: true, webauthn:extension:largeBlob: true, webauthn:extension:minPinLength: true, webauthn:extension:prf: true, webauthn:virtualAuthenticators: true}
Session ID: 923906d553f04f09093b99148fd52c03">
      <![CDATA[org.openqa.selenium.NoSuchElementException: no such element: Unable to locate element: {"method":"xpath","selector":"//span[text() = 'Logout']"}
  (Session info: chrome=114.0.5735.134)
For documentation on this error, please visit: https://selenium.dev/exceptions/#no_such_element
Build info: version: '4.8.1', revision: '8ebccac989'
System info: os.name: 'Windows 10', os.arch: 'amd64', os.version: '10.0', java.version: '16.0.2'
Driver info: org.openqa.selenium.chrome.ChromeDriver
Command: [923906d553f04f09093b99148fd52c03, findElement {using=xpath, value=//span[text() = 'Logout']}]
Capabilities {acceptInsecureCerts: false, browserName: chrome, browserVersion: 114.0.5735.134, chrome: {chromedriverVersion: 114.0.5735.90 (386bc09e8f4f..., userDataDir: C:\Users\DELL\AppData\Local...}, goog:chromeOptions: {debuggerAddress: localhost:65221}, networkConnectionEnabled: false, pageLoadStrategy: normal, platformName: WINDOWS, proxy: Proxy(), se:cdp: ws://localhost:65221/devtoo..., se:cdpVersion: 114.0.5735.134, setWindowRect: true, strictFileInteractability: false, timeouts: {implicit: 0, pageLoad: 300000, script: 30000}, unhandledPromptBehavior: dismiss and notify, webauthn:extension:credBlob: true, webauthn:extension:largeBlob: true, webauthn:extension:minPinLength: true, webauthn:extension:prf: true, webauthn:virtualAuthenticators: true}
Session ID: 923906d553f04f09093b99148fd52c03
at org.openqa.selenium.remote.codec.w3c.W3CHttpResponseCodec.createException(W3CHttpResponseCodec.java:200)
at org.openqa.selenium.remote.codec.w3c.W3CHttpResponseCodec.decode(W3CHttpResponseCodec.java:133)
at org.openqa.selenium.remote.codec.w3c.W3CHttpResponseCodec.decode(W3CHttpResponseCodec.java:53)
at org.openqa.selenium.remote.HttpCommandExecutor.execute(HttpCommandExecutor.java:184)
at org.openqa.selenium.remote.service.DriverCommandExecutor.invokeExecute(DriverCommandExecutor.java:167)
at org.openqa.selenium.remote.service.DriverCommandExecutor.execute(DriverCommandExecutor.java:142)
at org.openqa.selenium.remote.RemoteWebDriver.execute(RemoteWebDriver.java:543)
at org.openqa.selenium.remote.ElementLocation$ElementFinder$2.findElement(ElementLocation.java:162)
at org.openqa.selenium.remote.ElementLocation.findElement(ElementLocation.java:60)
at org.openqa.selenium.remote.RemoteWebDriver.findElement(RemoteWebDriver.java:352)
at org.openqa.selenium.remote.RemoteWebDriver.findElement(RemoteWebDriver.java:344)
at org.openqa.selenium.support.pagefactory.DefaultElementLocator.findElement(DefaultElementLocator.java:70)
at org.openqa.selenium.support.pagefactory.internal.LocatingElementHandler.invoke(LocatingElementHandler.java:39)
at jdk.proxy2/jdk.proxy2.$Proxy17.click(Unknown Source)
at com.pickdropfleet.adminpages.Logoutpage.clickUserInfo(Logoutpage.java:42)
at com.pickdropfleet.admin.test.Kitchenadmintest.kitchenAdminLogout(Kitchenadmintest.java:830)
at java.base/java.util.ArrayList.forEach(ArrayList.java:1511)
... Removed 32 stack frames]]>
    </failure>
  </testcase> <!-- kitchenAdminLogout -->
  <testcase classname="com.pickdropfleet.admin.test.Kitchenadmintest" name="testImportPage" time="0.0">
    <ignored/>
  </testcase> <!-- testImportPage -->
</testsuite> <!-- KitchdenAdminTest -->
