<?xml version="1.0" encoding="UTF-8"?>
<testsuite name="AdminTest"
           tests="4"
           failures="1"
           errors="0"
           skipped="0"
           time="86.588">
    <properties></properties>

            <testcase
                name="adminLogin"
                time="16.563"
                classname="com.pickdropfleet.admin.test.Admintest">

            <failure type="org.openqa.selenium.TimeoutException" message="Expected condition failed: waiting for visibility of element located by By.className: swal2-html-container (tried for 10 second(s) with 500 milliseconds interval)
Build info: version: &apos;4.8.1&apos;, revision: &apos;8ebccac989&apos;
System info: os.name: &apos;Windows 10&apos;, os.arch: &apos;amd64&apos;, os.version: &apos;10.0&apos;, java.version: &apos;16.0.2&apos;
Driver info: org.openqa.selenium.chrome.ChromeDriver
Capabilities {acceptInsecureCerts: false, browserName: chrome, browserVersion: 114.0.5735.134, chrome: {chromedriverVersion: 114.0.5735.90 (386bc09e8f4f..., userDataDir: C:\Users\DELL\AppData\Local...}, goog:chromeOptions: {debuggerAddress: localhost:55671}, networkConnectionEnabled: false, pageLoadStrategy: normal, platformName: WINDOWS, proxy: Proxy(), se:cdp: ws://localhost:55671/devtoo..., se:cdpVersion: 114.0.5735.134, setWindowRect: true, strictFileInteractability: false, timeouts: {implicit: 0, pageLoad: 300000, script: 30000}, unhandledPromptBehavior: dismiss and notify, webauthn:extension:credBlob: true, webauthn:extension:largeBlob: true, webauthn:extension:minPinLength: true, webauthn:extension:prf: true, webauthn:virtualAuthenticators: true}
Session ID: c369a0a56dbfa1e4aa9793ff314dc42f">
                <![CDATA[org.openqa.selenium.TimeoutException: Expected condition failed: waiting for visibility of element located by By.className: swal2-html-container (tried for 10 second(s) with 500 milliseconds interval)
Build info: version: '4.8.1', revision: '8ebccac989'
System info: os.name: 'Windows 10', os.arch: 'amd64', os.version: '10.0', java.version: '16.0.2'
Driver info: org.openqa.selenium.chrome.ChromeDriver
Capabilities {acceptInsecureCerts: false, browserName: chrome, browserVersion: 114.0.5735.134, chrome: {chromedriverVersion: 114.0.5735.90 (386bc09e8f4f..., userDataDir: C:\Users\DELL\AppData\Local...}, goog:chromeOptions: {debuggerAddress: localhost:55671}, networkConnectionEnabled: false, pageLoadStrategy: normal, platformName: WINDOWS, proxy: Proxy(), se:cdp: ws://localhost:55671/devtoo..., se:cdpVersion: 114.0.5735.134, setWindowRect: true, strictFileInteractability: false, timeouts: {implicit: 0, pageLoad: 300000, script: 30000}, unhandledPromptBehavior: dismiss and notify, webauthn:extension:credBlob: true, webauthn:extension:largeBlob: true, webauthn:extension:minPinLength: true, webauthn:extension:prf: true, webauthn:virtualAuthenticators: true}
Session ID: c369a0a56dbfa1e4aa9793ff314dc42f
                org.openqa.selenium.support.ui.WebDriverWait.timeoutException(WebDriverWait.java:87)org.openqa.selenium.support.ui.FluentWait.until(FluentWait.java:231)com.pickdropfleet.utils.Utils.findElementByXPath(Utils.java:298)com.pickdropfleet.adminpages.Loginpage.isErrorMessageDisplayed(Loginpage.java:70)com.pickdropfleet.admin.test.Admintest.adminLogin(Admintest.java:138)java.base/jdk.internal.reflect.NativeMethodAccessorImpl.invoke0(Native Method)java.base/jdk.internal.reflect.NativeMethodAccessorImpl.invoke(NativeMethodAccessorImpl.java:78)java.base/jdk.internal.reflect.DelegatingMethodAccessorImpl.invoke(DelegatingMethodAccessorImpl.java:43)java.base/java.lang.reflect.Method.invoke(Method.java:567)org.testng.internal.invokers.MethodInvocationHelper.invokeMethod(MethodInvocationHelper.java:139)org.testng.internal.invokers.TestInvoker.invokeMethod(TestInvoker.java:677)org.testng.internal.invokers.TestInvoker.invokeTestMethod(TestInvoker.java:221)org.testng.internal.invokers.MethodRunner.runInSequence(MethodRunner.java:50)org.testng.internal.invokers.TestInvoker$MethodInvocationAgent.invoke(TestInvoker.java:969)org.testng.internal.invokers.TestInvoker.invokeTestMethods(TestInvoker.java:194)org.testng.internal.invokers.TestMethodWorker.invokeTestMethods(TestMethodWorker.java:148)org.testng.internal.invokers.TestMethodWorker.run(TestMethodWorker.java:128)java.base/java.util.ArrayList.forEach(ArrayList.java:1511)org.testng.TestRunner.privateRun(TestRunner.java:829)org.testng.TestRunner.run(TestRunner.java:602)org.testng.SuiteRunner.runTest(SuiteRunner.java:437)org.testng.SuiteRunner.runSequentially(SuiteRunner.java:431)org.testng.SuiteRunner.privateRun(SuiteRunner.java:391)org.testng.SuiteRunner.run(SuiteRunner.java:330)org.testng.SuiteRunnerWorker.runSuite(SuiteRunnerWorker.java:52)org.testng.SuiteRunnerWorker.run(SuiteRunnerWorker.java:95)org.testng.TestNG.runSuitesSequentially(TestNG.java:1256)org.testng.TestNG.runSuitesLocally(TestNG.java:1176)org.testng.TestNG.runSuites(TestNG.java:1099)org.testng.TestNG.run(TestNG.java:1067)org.testng.remote.AbstractRemoteTestNG.run(AbstractRemoteTestNG.java:115)org.testng.remote.RemoteTestNG.initAndRun(RemoteTestNG.java:251)org.testng.remote.RemoteTestNG.main(RemoteTestNG.java:77)
]]>
            </failure>
    </testcase>


            <testcase
                name="adminLogout"
                time="1.564"
                classname="com.pickdropfleet.admin.test.Admintest">
            </testcase>
            <testcase
                name="createKitchenByAdmin"
                time="11.099"
                classname="com.pickdropfleet.admin.test.Admintest">
            </testcase>
            <testcase
                name="createUserByAdmin"
                time="57.362"
                classname="com.pickdropfleet.admin.test.Admintest">
            </testcase>
</testsuite>
